make all --print-data-base --no-builtin-variables --no-builtin-rules --question
# GNU Make 3.81
# Copyright (C) 2006  Free Software Foundation, Inc.
# This is free software; see the source for copying conditions.
# There is NO warranty; not even for MERCHANTABILITY or FITNESS FOR A
# PARTICULAR PURPOSE.

# This program built for i386-apple-darwin11.3.0
 

# Make data base, printed on Mon May 30 11:29:55 2022

# Variables

# automatic
<D = $(patsubst %/,%,$(dir $<))
# automatic
?F = $(notdir $?)
# environment
PROVIDE_FULLSTACK_ACTION = true
# environment
VSCODE_LOG_NATIVE = false
# automatic
?D = $(patsubst %/,%,$(dir $?))
# automatic
@D = $(patsubst %/,%,$(dir $@))
# automatic
@F = $(notdir $@)
# makefile
CURDIR := /Users/josephassiga/Desktop/training/prometheus/prometheus-example-app
# makefile
SHELL = /bin/sh
# environment
VSCODE_NLS_CONFIG = {"locale":"en-gb","availableLanguages":{},"_languagePackSupport":true}
# environment
_ = /usr/bin/make
# environment
 
LAB_ID = 3
# makefile (from `Makefile', line 1)
MAKEFILE_LIST :=  Makefile
# environment
VSCODE_AMD_ENTRYPOINT = vs/workbench/api/node/extensionHostProcess
# environment
API_ADMIN_ACCESS_TOKEN = f0dc8cd371d9661b966e07626383f31946ad8da0cd6be7f80a55218e38aa125b
# environment
INCIDENT_SERVICE_API_KEY = e93dc9625f6d50251728de07898f418f
# makefile (from `Makefile', line 1)
VERSION := v0.4.0
# environment
VSCODE_VERBOSE_LOGGING = true
# environment
__CFBundleIdentifier = com.microsoft.VSCode
# environment
VSCODE_IPC_HOOK_EXTHOST = /var/folders/b8/4kvdyp_n6nl4wmgxg9fn_l200000gn/T/vscode-ipc-337e2a1c-d090-4fc7-b058-7a16e84f8908.sock
# environment
VSCODE_CWD = /
# environment
GOPROXY = https://proxy.golang.org,direct
# environment
PATH = /Users/josephassiga/.jbang/bin:/Users/josephassiga/bin:/Users/josephassiga/google-cloud-sdk/bin:/Users/josephassiga/Library/Python/3.9/bin:/usr/local/bin:/usr/bin:/bin:/usr/sbin:/sbin:/usr/local/go/bin:/usr/local/munki:/Applications/Postgres.app/Contents/Versions/latest/bin:/Users/josephassiga/.cargo/bin:/Users/josephassiga/Library/Application Support/cloud-code/installer/google-cloud-sdk/bin:/Users/josephassiga/google-cloud-sdk/bin
# environment
ERDEMO_USER = user3
# environment
GW_PROJECT = user3-gw
# environment
LSCOLORS = Gxfxcxdxbxegedabagacad
# environment
GOLANG_EXECUTABLE = go
# environment
SUBDOMAIN_BASE = https://console-openshift-console.apps.cluster-d6da.d6da.example.opentlc.com
# environment
THREE_SCALE_USER_TOKEN = 207c527cfc2a6b8dcf4fa43ad7a976da
# environment
GOPATH = /Users/josephassiga/go
# environment
VSCODE_LOG_STACK = false
# environment
ELECTRON_RUN_AS_NODE = 1
# makefile (from `Makefile', line 3)
LDFLAGS = "-X main.appVersion=$(VERSION)"
# environment
OCP_AMP_ADMIN_ID = api0
# default
.FEATURES := target-specific order-only second-expansion else-if archives jobserver check-symlink
# environment
UUID = 4a3f5c89-fa5e-48ce-96fe-6fde419986e5
# environment
ERDEMO_NS = user3-er-demon
# environment
CLOUDSDK_METRICS_ENVIRONMENT = cloudcode.vscode
# environment
SYSTEM_PROVIDER_URL = user3-3scale-mt-api0-admin.apps.cluster-d6da.d6da.example.opentlc.com
# environment
SSH_AUTH_SOCK = /private/tmp/com.apple.launchd.LwfWxeMCsp/Listeners
# automatic
%F = $(notdir $%)
# environment
CLOUDSDK_METRICS_ENVIRONMENT_VERSION = 1.18.2
# environment
VSCODE_PIPE_LOGGING = true
# environment
PWD = /Users/josephassiga/Desktop/training/prometheus/prometheus-example-app
# environment
ORIGINAL_XDG_CURRENT_DESKTOP = undefined
# environment
GOMODCACHE = /Users/josephassiga/go/pkg/mod
# environment
HOME = /Users/josephassiga
# default
MAKEFILEPATH = $(shell /usr/bin/xcode-select -print-path 2>/dev/null || echo /Developer)/Makefiles
# environment
VSCODE_CODE_CACHE_PATH = /Users/josephassiga/Library/Application Support/Code/CachedData/c3511e6c69bb39013c4a4b7b9566ec1ca73fc4d5
# environment
SM_CP_NS = admin3-istio-system
# environment
LOGNAME = josephassiga
# environment
APPLICATION_INSIGHTS_NO_DIAGNOSTIC_CHANNEL = 1
# environment
TELEMETRY_ID = 49e59f8c-48f5-4229-a0f6-9ed039cd0a58
# environment
ZSH = /Users/josephassiga/.oh-my-zsh
# environment
VSCODE_HANDLES_UNCAUGHT_ERRORS = true
# automatic
^D = $(patsubst %/,%,$(dir $^))
# environment
XPC_FLAGS = 0x0
# default
MAKE = $(MAKE_COMMAND)
# default
MAKECMDGOALS := all
# environment
LAB_MASTER_API = https://api.cluster-d6da.d6da.example.opentlc.com:6443
# environment
SHLVL = 1
# environment
SM_CP_ADMIN = admin3
# default
MAKE_VERSION := 3.81
# environment
USER = josephassiga
# makefile
.DEFAULT_GOAL := all
# environment
LESS = -R
# automatic
%D = $(patsubst %/,%,$(dir $%))
# environment
API_TENANT_USERNAME = api3
# environment
API_MANAGER_NS = 3scale-mt-api0
# default
MAKE_COMMAND := /Library/Developer/CommandLineTools/usr/bin/make
# environment
UTM_SOURCE = vscode
# default
.VARIABLES := 
# environment
TMPDIR = /var/folders/b8/4kvdyp_n6nl4wmgxg9fn_l200000gn/T/
# automatic
*F = $(notdir $*)
# environment
INCIDENT_SERVICE_ID = 23
# environment
VSCODE_IPC_HOOK = /Users/josephassiga/Library/Application Support/Code/1.67.2-main.sock
# makefile
MAKEFLAGS = Rrqp
# environment
MFLAGS = -Rrqp
# automatic
*D = $(patsubst %/,%,$(dir $*))
# environment
XPC_SERVICE_NAME = application.com.microsoft.VSCode.76929103.76929109
# automatic
+D = $(patsubst %/,%,$(dir $+))
# environment
RECOMMENDER_API_URL = https://gw.api.openshift.io//api/v2
# automatic
+F = $(notdir $+)
# environment
__CF_USER_TEXT_ENCODING = 0x1F5:0x0:0x0
# environment
COMMAND_MODE = unix2003
# default
MAKEFILES := 
# automatic
<F = $(notdir $<)
# environment
PAGER = less
# environment
LC_ALL = C
# automatic
^F = $(notdir $^)
# environment
OCP_PASSWD = r3dh4t1!
# environment
OBJC_DISABLE_INITIALIZE_FORK_SAFETY = YES
# default
SUFFIXES := 
# default
.INCLUDE_DIRS = /usr/local/include
# environment
MAKELEVEL := 0
# environment
LANG = C
# environment
VSCODE_PID = 8997
# environment
API_TENANT_PASSWORD = admin
# variable set hash-table stats:
# Load=98/1024=10%, Rehash=0, Collisions=3/129=2%

# Pattern-specific Variable Values

# No pattern-specific variable values.

# Directories

# . (device 16777223, inode 78061942): 15 files, no impossibilities.

# 15 files, no impossibilities in 1 directories.

# Implicit Rules

# No implicit rules.

# Files

all:
#  Command-line target.
#  Implicit rule search has not been done.
#  Implicit/static pattern stem: `'
#  File does not exist.
#  File has been updated.
#  Needs to be updated (-q is set).
# automatic
# @ := all
# automatic
# % := 
# automatic
# * := 
# automatic
# + := 
# automatic
# | := 
# automatic
# < := 
# automatic
# ^ := 
# automatic
# ? := 
# variable set hash-table stats:
# Load=8/32=25%, Rehash=0, Collisions=1/13=8%
#  commands to execute (from `Makefile', line 6):
	CGO_ENABLED=0 go build -ldflags=$(LDFLAGS) -o prometheus-example-app --installsuffix cgo main.go
	docker build -t quay.io/brancz/prometheus-example-app:$(VERSION) .
	

# Not a target:
.SUFFIXES:
#  Implicit rule search has not been done.
#  Modification time never checked.
#  File has not been updated.

# Not a target:
Makefile:
#  Implicit rule search has been done.
#  Last modified 2022-05-30 11:22:20
#  File has been updated.
#  Successfully updated.
# variable set hash-table stats:
# Load=0/32=0%, Rehash=0, Collisions=0/0=0%

# Not a target:
.DEFAULT:
#  Implicit rule search has not been done.
#  Modification time never checked.
#  File has not been updated.

# files hash-table stats:
# Load=4/1024=0%, Rehash=0, Collisions=0/18=0%
# VPATH Search Paths

# No `vpath' search paths.

# No general (`VPATH' variable) search path.

# # of strings in strcache: 1
# # of strcache buffers: 1
# strcache size: total = 4096 / max = 4096 / min = 4096 / avg = 4096
# strcache free: total = 4087 / max = 4087 / min = 4087 / avg = 4087

# Finished Make data base on Mon May 30 11:29:55 2022

 
